2020-07-03T11:15:30.5377071+05:30  [INF] Application started. Press Ctrl+C to shut down. (dcaefe54)
2020-07-03T11:15:30.5536546+05:30  [INF] Hosting environment: "Development" (c3307c92)
2020-07-03T11:15:30.5538303+05:30  [INF] Content root path: "D:\Saviant-Pizza\SaviantPizza\SaviantPizza.Web" (b5d60022)
2020-07-03T11:15:38.7553787+05:30  [ERR] Browserslist: caniuse-lite is outdated. Please run the following command: `npm update`
 (0ebafb57)
2020-07-03T11:18:11.1032012+05:30 800000bf-0000-f800-b63f-84710c7967bb [INF] Order made by customerSaviantPizza.Web.Models.PizzaDetailsViewModel[] (cf393854)
2020-07-03T11:32:50.5682320+05:30  [INF] Application started. Press Ctrl+C to shut down. (dcaefe54)
2020-07-03T11:32:50.5836258+05:30  [INF] Hosting environment: "Development" (c3307c92)
2020-07-03T11:32:50.5838125+05:30  [INF] Content root path: "D:\Saviant-Pizza\SaviantPizza\SaviantPizza.Web" (b5d60022)
2020-07-03T11:32:57.8133497+05:30  [ERR] Browserslist: caniuse-lite is outdated. Please run the following command: `npm update`
 (0ebafb57)
2020-07-03T11:35:19.3085317+05:30 80000094-0002-f500-b63f-84710c7967bb [INF] Order made by customerd22d250d-dd77-416c-6fec-08d81f170a9685b7e18f-4de9-449c-a582-ea85ae77acc3 (8bfa2aed)
2020-07-03T15:46:36.9151073+05:30  [INF] Application started. Press Ctrl+C to shut down. (dcaefe54)
2020-07-03T15:46:36.9290110+05:30  [INF] Hosting environment: "Development" (c3307c92)
2020-07-03T15:46:36.9292057+05:30  [INF] Content root path: "D:\Saviant-Pizza\SaviantPizza\SaviantPizza.Web" (b5d60022)
2020-07-03T15:46:46.4851573+05:30  [ERR] Browserslist: caniuse-lite is outdated. Please run the following command: `npm update`
 (0ebafb57)
2020-07-03T15:46:58.4487335+05:30  [ERR] ERROR in app/_services/authentication.service.ts:6:22 - error TS2307: Cannot find module '../_models/User'.

6 import { User } from '../_models/User';
                       ~~~~~~~~~~~~~~~~~

 (f2173ff7)
2020-07-03T16:03:39.2261354+05:30  [INF] Application started. Press Ctrl+C to shut down. (dcaefe54)
2020-07-03T16:03:39.2415020+05:30  [INF] Hosting environment: "Development" (c3307c92)
2020-07-03T16:03:39.2417343+05:30  [INF] Content root path: "D:\Saviant-Pizza\SaviantPizza\SaviantPizza.Web" (b5d60022)
2020-07-03T16:03:46.6850220+05:30  [ERR] Browserslist: caniuse-lite is outdated. Please run the following command: `npm update`
 (0ebafb57)
2020-07-03T16:03:56.3624222+05:30  [ERR] ERROR in app/_services/authentication.service.ts:6:22 - error TS2307: Cannot find module '../_models/User'.

6 import { User } from '../_models/User';
                       ~~~~~~~~~~~~~~~~~

 (f2173ff7)
2020-07-03T16:06:09.5615157+05:30  [INF] Application started. Press Ctrl+C to shut down. (dcaefe54)
2020-07-03T16:06:09.5752308+05:30  [INF] Hosting environment: "Development" (c3307c92)
2020-07-03T16:06:09.5753850+05:30  [INF] Content root path: "D:\Saviant-Pizza\SaviantPizza\SaviantPizza.Web" (b5d60022)
2020-07-03T16:06:18.5570415+05:30  [ERR] Browserslist: caniuse-lite is outdated. Please run the following command: `npm update`
 (0ebafb57)
2020-07-03T16:06:28.2673970+05:30  [ERR] ERROR in app/_services/authentication.service.ts:6:22 - error TS2307: Cannot find module '../_models/User'.

6 import { User } from '../_models/User';
                       ~~~~~~~~~~~~~~~~~

 (f2173ff7)
2020-07-03T16:07:14.9665872+05:30  [ERR]     ERROR in src/app/_services/authentication.service.ts(6,22): error TS2307: Cannot find module '../_models/User'.
    
 (5cd7b048)
2020-07-03T16:07:59.5272493+05:30  [ERR]     ERROR in src/app/_services/authentication.service.ts(6,22): error TS2307: Cannot find module '../_models/User'.
    
 (5cd7b048)
2020-07-03T16:08:18.2982749+05:30  [INF] Application started. Press Ctrl+C to shut down. (dcaefe54)
2020-07-03T16:08:18.3140970+05:30  [INF] Hosting environment: "Development" (c3307c92)
2020-07-03T16:08:18.3142779+05:30  [INF] Content root path: "D:\Saviant-Pizza\SaviantPizza\SaviantPizza.Web" (b5d60022)
2020-07-03T16:08:25.7966449+05:30  [ERR] Browserslist: caniuse-lite is outdated. Please run the following command: `npm update`
 (0ebafb57)
2020-07-03T16:08:35.4580147+05:30  [ERR] ERROR in app/_services/authentication.service.ts:6:22 - error TS2307: Cannot find module '../_models/User'.

6 import { User } from '../_models/User';
                       ~~~~~~~~~~~~~~~~~

 (f2173ff7)
2020-07-03T16:11:04.2621854+05:30  [ERR]     ERROR in src/app/_services/authentication.service.ts(6,22): error TS2307: Cannot find module '../_models/User'.
    
 (5cd7b048)
2020-07-03T16:11:24.9715165+05:30  [ERR]     ERROR in src/app/_services/authentication.service.ts(6,22): error TS2307: Cannot find module '../_models/User'.
    
 (5cd7b048)
2020-07-03T16:12:05.8169132+05:30  [ERR]     ERROR in src/app/_services/authentication.service.ts(6,22): error TS2307: Cannot find module '../_models/User'.
    
 (5cd7b048)
2020-07-03T16:12:18.6382413+05:30  [ERR]     ERROR in src/app/_services/authentication.service.ts(6,22): error TS2307: Cannot find module '../_models/User'.
    
 (5cd7b048)
2020-07-03T16:14:22.3011762+05:30  [INF] Application started. Press Ctrl+C to shut down. (dcaefe54)
2020-07-03T16:14:22.3148388+05:30  [INF] Hosting environment: "Development" (c3307c92)
2020-07-03T16:14:22.3150489+05:30  [INF] Content root path: "D:\Saviant-Pizza\SaviantPizza\SaviantPizza.Web" (b5d60022)
2020-07-03T16:14:30.7063243+05:30  [ERR] Browserslist: caniuse-lite is outdated. Please run the following command: `npm update`
 (0ebafb57)
2020-07-03T16:14:42.3125542+05:30  [ERR] ERROR in app/_services/authentication.service.ts:6:22 - error TS2307: Cannot find module '../_models/User'.

6 import { User } from '../_models/User';
                       ~~~~~~~~~~~~~~~~~

 (f2173ff7)
2020-07-03T16:18:34.6148588+05:30  [ERR]     ERROR in src/app/_services/authentication.service.ts(10,47): error TS2304: Cannot find name 'User'.
    src/app/_services/authentication.service.ts(11,34): error TS2304: Cannot find name 'User'.
    src/app/_services/authentication.service.ts(15,51): error TS2304: Cannot find name 'User'.
    
 (a7ec5d69)
2020-07-03T16:18:52.5419264+05:30  [ERR]     ERROR in src/app/_services/authentication.service.ts(6,22): error TS2307: Cannot find module '../_models/User'.
    
 (5cd7b048)
2020-07-03T16:25:17.5327110+05:30  [INF] Application started. Press Ctrl+C to shut down. (dcaefe54)
2020-07-03T16:25:17.5474112+05:30  [INF] Hosting environment: "Development" (c3307c92)
2020-07-03T16:25:17.5476061+05:30  [INF] Content root path: "D:\Saviant-Pizza\SaviantPizza\SaviantPizza.Web" (b5d60022)
2020-07-03T16:25:25.9810408+05:30  [ERR] Browserslist: caniuse-lite is outdated. Please run the following command: `npm update`
 (0ebafb57)
2020-07-03T16:26:49.0420757+05:30 80000109-0002-fa00-b63f-84710c7967bb [INF] Order made by customer
Order Id:da48a970-2874-4928-c1e8-08d81f3fc8ed
UserId:85b7e18f-4de9-449c-a582-ea85ae77acc3 (3be73e76)
2020-07-03T16:32:57.6862310+05:30  [INF] Application started. Press Ctrl+C to shut down. (dcaefe54)
2020-07-03T16:32:57.7027721+05:30  [INF] Hosting environment: "Development" (c3307c92)
2020-07-03T16:32:57.7029697+05:30  [INF] Content root path: "D:\Saviant-Pizza\SaviantPizza\SaviantPizza.Web" (b5d60022)
2020-07-03T16:33:07.1587656+05:30  [ERR] Browserslist: caniuse-lite is outdated. Please run the following command: `npm update`
 (0ebafb57)
2020-07-03T16:36:18.4126056+05:30 80000150-0001-fd00-b63f-84710c7967bb [INF] Order made by customer :  Order Id: 097f2157-73dd-469e-4ecb-08d81f411c4dUserId: 85b7e18f-4de9-449c-a582-ea85ae77acc3 (79c72ca3)
2020-07-03T16:40:57.0168457+05:30  [INF] Application started. Press Ctrl+C to shut down. (dcaefe54)
2020-07-03T16:40:57.0315196+05:30  [INF] Hosting environment: "Development" (c3307c92)
2020-07-03T16:40:57.0317154+05:30  [INF] Content root path: "D:\Saviant-Pizza\SaviantPizza\SaviantPizza.Web" (b5d60022)
2020-07-03T16:41:04.7173509+05:30  [ERR] Browserslist: caniuse-lite is outdated. Please run the following command: `npm update`
 (0ebafb57)
2020-07-03T16:42:48.6079358+05:30 8000004c-0002-f400-b63f-84710c7967bb [INF] Order made by customer :  Order Id: 140434a2-2766-4f66-d566-08d81f4204e3UserId: 85b7e18f-4de9-449c-a582-ea85ae77acc3 (1c89d200)
2020-07-03T17:17:27.7995184+05:30  [INF] Application started. Press Ctrl+C to shut down. (dcaefe54)
2020-07-03T17:17:27.8157772+05:30  [INF] Hosting environment: "Development" (c3307c92)
2020-07-03T17:17:27.8159608+05:30  [INF] Content root path: "D:\Saviant-Pizza\SaviantPizza\SaviantPizza.Web" (b5d60022)
2020-07-03T17:17:35.8138543+05:30  [ERR] Browserslist: caniuse-lite is outdated. Please run the following command: `npm update`
 (0ebafb57)
2020-07-03T17:18:20.7689152+05:30 8000017a-0000-fe00-b63f-84710c7967bb [INF] Order made by customer :  Order Id: b7f66fb9-c15f-4aa7-9f4a-08d81f46fbbeUserId: 85b7e18f-4de9-449c-a582-ea85ae77acc3 (5e513932)
2020-07-03T18:10:38.4737739+05:30  [INF] Application started. Press Ctrl+C to shut down. (dcaefe54)
2020-07-03T18:10:38.4887774+05:30  [INF] Hosting environment: "Development" (c3307c92)
2020-07-03T18:10:38.4889432+05:30  [INF] Content root path: "D:\Saviant-Pizza\SaviantPizza\SaviantPizza.Web" (b5d60022)
2020-07-03T18:10:45.9214248+05:30  [ERR] Browserslist: caniuse-lite is outdated. Please run the following command: `npm update`
 (0ebafb57)
2020-07-03T18:11:48.5570573+05:30 80000112-0003-fe00-b63f-84710c7967bb [ERR] An unhandled exception has occurred while executing the request. (48a46595)
System.InvalidOperationException: Unable to resolve service for type 'SaviantPizza.Business.IService.IDiscountService' while attempting to activate 'SaviantPizza.Web.Controllers.DiscountController'.
   at Microsoft.Extensions.DependencyInjection.ActivatorUtilities.GetService(IServiceProvider sp, Type type, Type requiredBy, Boolean isDefaultParameterRequired)
   at lambda_method(Closure , IServiceProvider , Object[] )
   at Microsoft.AspNetCore.Mvc.Controllers.ControllerActivatorProvider.<>c__DisplayClass4_0.<CreateActivator>b__0(ControllerContext controllerContext)
   at Microsoft.AspNetCore.Mvc.Controllers.ControllerFactoryProvider.<>c__DisplayClass5_0.<CreateControllerFactory>g__CreateController|0(ControllerContext controllerContext)
   at Microsoft.AspNetCore.Mvc.Infrastructure.ControllerActionInvoker.Next(State& next, Scope& scope, Object& state, Boolean& isCompleted)
   at Microsoft.AspNetCore.Mvc.Infrastructure.ControllerActionInvoker.InvokeInnerFilterAsync()
--- End of stack trace from previous location where exception was thrown ---
   at Microsoft.AspNetCore.Mvc.Infrastructure.ResourceInvoker.<InvokeNextResourceFilter>g__Awaited|24_0(ResourceInvoker invoker, Task lastTask, State next, Scope scope, Object state, Boolean isCompleted)
   at Microsoft.AspNetCore.Mvc.Infrastructure.ResourceInvoker.Rethrow(ResourceExecutedContextSealed context)
   at Microsoft.AspNetCore.Mvc.Infrastructure.ResourceInvoker.Next(State& next, Scope& scope, Object& state, Boolean& isCompleted)
   at Microsoft.AspNetCore.Mvc.Infrastructure.ResourceInvoker.InvokeFilterPipelineAsync()
--- End of stack trace from previous location where exception was thrown ---
   at Microsoft.AspNetCore.Mvc.Infrastructure.ResourceInvoker.<InvokeAsync>g__Awaited|17_0(ResourceInvoker invoker, Task task, IDisposable scope)
   at Microsoft.AspNetCore.Routing.EndpointMiddleware.<Invoke>g__AwaitRequestTask|6_0(Endpoint endpoint, Task requestTask, ILogger logger)
   at Microsoft.AspNetCore.Diagnostics.DeveloperExceptionPageMiddleware.Invoke(HttpContext context)
2020-07-03T18:12:45.4209209+05:30 80000177-0000-fc00-b63f-84710c7967bb [ERR] An unhandled exception has occurred while executing the request. (48a46595)
System.InvalidOperationException: Unable to resolve service for type 'SaviantPizza.Business.IService.IDiscountService' while attempting to activate 'SaviantPizza.Web.Controllers.DiscountController'.
   at Microsoft.Extensions.DependencyInjection.ActivatorUtilities.GetService(IServiceProvider sp, Type type, Type requiredBy, Boolean isDefaultParameterRequired)
   at lambda_method(Closure , IServiceProvider , Object[] )
   at Microsoft.AspNetCore.Mvc.Controllers.ControllerActivatorProvider.<>c__DisplayClass4_0.<CreateActivator>b__0(ControllerContext controllerContext)
   at Microsoft.AspNetCore.Mvc.Controllers.ControllerFactoryProvider.<>c__DisplayClass5_0.<CreateControllerFactory>g__CreateController|0(ControllerContext controllerContext)
   at Microsoft.AspNetCore.Mvc.Infrastructure.ControllerActionInvoker.Next(State& next, Scope& scope, Object& state, Boolean& isCompleted)
   at Microsoft.AspNetCore.Mvc.Infrastructure.ControllerActionInvoker.InvokeInnerFilterAsync()
--- End of stack trace from previous location where exception was thrown ---
   at Microsoft.AspNetCore.Mvc.Infrastructure.ResourceInvoker.<InvokeNextResourceFilter>g__Awaited|24_0(ResourceInvoker invoker, Task lastTask, State next, Scope scope, Object state, Boolean isCompleted)
   at Microsoft.AspNetCore.Mvc.Infrastructure.ResourceInvoker.Rethrow(ResourceExecutedContextSealed context)
   at Microsoft.AspNetCore.Mvc.Infrastructure.ResourceInvoker.Next(State& next, Scope& scope, Object& state, Boolean& isCompleted)
   at Microsoft.AspNetCore.Mvc.Infrastructure.ResourceInvoker.InvokeFilterPipelineAsync()
--- End of stack trace from previous location where exception was thrown ---
   at Microsoft.AspNetCore.Mvc.Infrastructure.ResourceInvoker.<InvokeAsync>g__Awaited|17_0(ResourceInvoker invoker, Task task, IDisposable scope)
   at Microsoft.AspNetCore.Routing.EndpointMiddleware.<Invoke>g__AwaitRequestTask|6_0(Endpoint endpoint, Task requestTask, ILogger logger)
   at Microsoft.AspNetCore.Diagnostics.DeveloperExceptionPageMiddleware.Invoke(HttpContext context)
2020-07-03T18:14:18.4191686+05:30  [INF] Application started. Press Ctrl+C to shut down. (dcaefe54)
2020-07-03T18:14:18.4341454+05:30  [INF] Hosting environment: "Development" (c3307c92)
2020-07-03T18:14:18.4343478+05:30  [INF] Content root path: "D:\Saviant-Pizza\SaviantPizza\SaviantPizza.Web" (b5d60022)
2020-07-03T18:14:28.3313112+05:30  [ERR] Browserslist: caniuse-lite is outdated. Please run the following command: `npm update`
 (0ebafb57)
2020-07-03T18:21:24.4485191+05:30  [ERR] ERROR in app/pizza/pizza.component.ts:86:92 - error TS1005: ',' expected.

86     this.http.post<boolean>(this.myAppUrl + this.myApiUrl +  this.OtherDiscount, viewModel })
                                                                                              ~
app/pizza/pizza.component.ts:86:93 - error TS1068: Unexpected token. A constructor, method, accessor, or property was expected.

86     this.http.post<boolean>(this.myAppUrl + this.myApiUrl +  this.OtherDiscount, viewModel })
                                                                                               ~
app/pizza/pizza.component.ts:87:7 - error TS1068: Unexpected token. A constructor, method, accessor, or property was expected.

87       .subscribe(data => {
         ~
app/pizza/pizza.component.ts:87:23 - error TS1005: ',' expected.

87       .subscribe(data => {
                         ~~
app/pizza/pizza.component.ts:89:12 - error TS1005: ':' expected.

89         if (data == true)
              ~
app/pizza/pizza.component.ts:94:9 - error TS1128: Declaration or statement expected.

94         else {
           ~~~~
app/pizza/pizza.component.ts:98:7 - error TS1128: Declaration or statement expected.

98       });
         ~
app/pizza/pizza.component.ts:98:8 - error TS1128: Declaration or statement expected.

98       });
          ~
app/pizza/pizza.component.ts:100:3 - error TS1128: Declaration or statement expected.
 (fa76fd33)
2020-07-03T18:30:26.9705919+05:30  [INF] Application started. Press Ctrl+C to shut down. (dcaefe54)
2020-07-03T18:30:26.9849709+05:30  [INF] Hosting environment: "Development" (c3307c92)
2020-07-03T18:30:26.9851400+05:30  [INF] Content root path: "D:\Saviant-Pizza\SaviantPizza\SaviantPizza.Web" (b5d60022)
2020-07-03T18:30:35.4183598+05:30  [ERR] Browserslist: caniuse-lite is outdated. Please run the following command: `npm update`
 (0ebafb57)
2020-07-03T18:57:42.0471624+05:30  [INF] Application started. Press Ctrl+C to shut down. (dcaefe54)
2020-07-03T18:57:42.0605782+05:30  [INF] Hosting environment: "Development" (c3307c92)
2020-07-03T18:57:42.0608944+05:30  [INF] Content root path: "D:\Saviant-Pizza\SaviantPizza\SaviantPizza.Web" (b5d60022)
2020-07-03T18:57:49.3996802+05:30  [ERR] Browserslist: caniuse-lite is outdated. Please run the following command: `npm update`
 (0ebafb57)
2020-07-03T19:09:57.2897795+05:30  [ERR]     ERROR in src/app/pizza/pizza.component.ts(86,29): error TS2552: Cannot find name 'discount1'. Did you mean 'discount'?
    
 (d8c48255)
2020-07-03T19:15:16.7250974+05:30  [INF] Application started. Press Ctrl+C to shut down. (dcaefe54)
2020-07-03T19:15:16.7400901+05:30  [INF] Hosting environment: "Development" (c3307c92)
2020-07-03T19:15:16.7402959+05:30  [INF] Content root path: "D:\Saviant-Pizza\SaviantPizza\SaviantPizza.Web" (b5d60022)
2020-07-03T19:15:23.5466005+05:30  [ERR] Browserslist: caniuse-lite is outdated. Please run the following command: `npm update`
 (0ebafb57)
2020-07-03T19:18:00.8873710+05:30  [INF] Application started. Press Ctrl+C to shut down. (dcaefe54)
2020-07-03T19:18:00.9015765+05:30  [INF] Hosting environment: "Development" (c3307c92)
2020-07-03T19:18:00.9017617+05:30  [INF] Content root path: "D:\Saviant-Pizza\SaviantPizza\SaviantPizza.Web" (b5d60022)
2020-07-03T19:18:07.8849889+05:30  [ERR] Browserslist: caniuse-lite is outdated. Please run the following command: `npm update`
 (0ebafb57)
2020-07-03T19:20:40.5128114+05:30 8000012d-0003-fe00-b63f-84710c7967bb [INF] Order made by customer :  Order Id: b5c230de-1449-4a97-7a7e-08d81f581298UserId: 85b7e18f-4de9-449c-a582-ea85ae77acc3 (c79e8642)
2020-07-03T19:21:49.1410342+05:30 8000018e-0001-ff00-b63f-84710c7967bb [INF] Order made by customer :  Order Id: e411b60e-57f8-4d9d-7a7f-08d81f581298UserId: 85b7e18f-4de9-449c-a582-ea85ae77acc3 (ac674700)
2020-07-03T19:21:53.5216994+05:30 80000133-0003-fe00-b63f-84710c7967bb [INF] Order made by customer :  Order Id: 751af63b-43f5-468b-7a80-08d81f581298UserId: 85b7e18f-4de9-449c-a582-ea85ae77acc3 (92625e4b)
2020-07-03T19:21:59.3741833+05:30 800000f6-0002-f700-b63f-84710c7967bb [INF] Order made by customer :  Order Id: 7ac69539-c8de-4398-7a81-08d81f581298UserId: 85b7e18f-4de9-449c-a582-ea85ae77acc3 (93c3e518)
